<?xml version="1.0" encoding="UTF-8"?>
<testng-results skipped="0" failed="0" ignored="0" total="3" passed="3">
  <reporter-output>
  </reporter-output>
  <suite name="Suite" duration-ms="37015" started-at="2018-05-31T14:41:30Z" finished-at="2018-05-31T14:42:07Z">
    <groups>
    </groups>
    <test name="Test" duration-ms="37015" started-at="2018-05-31T14:41:30Z" finished-at="2018-05-31T14:42:07Z">
      <class name="Test.Test1">
        <test-method status="PASS" signature="test1()[pri:0, instance:Test.Test1@1563da5]" name="test1" duration-ms="17659" started-at="2018-05-31T14:41:49Z" finished-at="2018-05-31T14:42:07Z">
          <reporter-output>
          </reporter-output>
        </test-method> <!-- test1 -->
      </class> <!-- Test.Test1 -->
      <class name="Test.Test3">
        <test-method status="PASS" signature="test3()[pri:0, instance:Test.Test3@ea1a8d5]" name="test3" duration-ms="13099" started-at="2018-05-31T14:41:36Z" finished-at="2018-05-31T14:41:49Z">
          <reporter-output>
          </reporter-output>
        </test-method> <!-- test3 -->
      </class> <!-- Test.Test3 -->
      <class name="Test.Test2">
        <test-method status="PASS" signature="test2()[pri:0, instance:Test.Test2@7a1ebcd8]" name="test2" duration-ms="6222" started-at="2018-05-31T14:41:30Z" finished-at="2018-05-31T14:41:36Z">
          <reporter-output>
          </reporter-output>
        </test-method> <!-- test2 -->
      </class> <!-- Test.Test2 -->
    </test> <!-- Test -->
  </suite> <!-- Suite -->
</testng-results>
